2024-08-13 00:36:38,681 DEBUG - Starting WinSW in console mode
2024-08-13 00:36:38,697 INFO  - Installing service 'ws-java-application.jar (powered by WinSW) (ws-java-application.jar)'...
2024-08-13 00:36:38,728 INFO  - Service 'ws-java-application.jar (powered by WinSW) (ws-java-application.jar)' was installed successfully.
2024-08-13 00:40:39,469 DEBUG - Starting WinSW in service mode
2024-08-13 00:40:39,529 INFO  - Starting java -jar ws-java-application.jar
2024-08-13 00:40:39,664 INFO  - Started process 33016
2024-08-13 00:40:39,680 DEBUG - Forwarding logs of the process System.Diagnostics.Process (java) to WinSW.DefaultLogAppender
2024-08-13 00:42:00,876 DEBUG - Starting WinSW in service mode
2024-08-13 00:42:42,583 INFO  - Stopping ws-java-application.jar
2024-08-13 00:42:42,587 DEBUG - ProcessKill 33016
2024-08-13 00:42:42,601 DEBUG - Stopping process 33016...
2024-08-13 00:42:42,625 DEBUG - Process 33016 canceled with code -1073741510.
2024-08-13 00:42:42,673 INFO  - Finished ws-java-application.jar
2024-08-13 00:42:45,284 DEBUG - Starting WinSW in service mode
2024-08-13 00:42:45,307 INFO  - Starting java -jar ws-java-application.jar
2024-08-13 00:42:45,383 INFO  - Started process 24176
2024-08-13 00:42:45,398 DEBUG - Forwarding logs of the process System.Diagnostics.Process (java) to WinSW.DefaultLogAppender
2024-08-13 00:44:16,105 DEBUG - Starting WinSW in console mode
2024-08-13 00:44:18,550 DEBUG - Starting WinSW in console mode
2024-08-13 00:44:18,550 INFO  - Starting service 'ws-java-application.jar (powered by WinSW) (ws-java-application.jar)'...
2024-08-13 00:44:18,581 INFO  - Service 'ws-java-application.jar (powered by WinSW) (ws-java-application.jar)' has already started.
2024-08-13 01:00:11,525 DEBUG - Starting WinSW in console mode
2024-08-13 01:00:13,727 DEBUG - Starting WinSW in console mode
2024-08-13 01:00:13,753 INFO  - Starting service 'ws-java-application.jar (powered by WinSW) (ws-java-application.jar)'...
2024-08-13 01:00:13,758 INFO  - Service 'ws-java-application.jar (powered by WinSW) (ws-java-application.jar)' has already started.
2024-08-13 01:31:26,925 INFO  - Stopping ws-java-application.jar
2024-08-13 01:31:26,937 DEBUG - ProcessKill 24176
2024-08-13 01:31:26,959 DEBUG - Stopping process 24176...
2024-08-13 01:31:27,027 DEBUG - Process 24176 canceled with code -1073741510.
2024-08-13 01:31:27,077 INFO  - Finished ws-java-application.jar
2024-08-17 21:40:58,322 DEBUG - Starting WinSW in service mode
2024-08-17 21:40:58,589 INFO  - Starting java -jar ws-java-application.jar
2024-08-17 21:40:58,638 INFO  - Started process 1720
2024-08-17 21:40:58,652 DEBUG - Forwarding logs of the process System.Diagnostics.Process (java) to WinSW.DefaultLogAppender
2024-08-17 21:43:01,351 DEBUG - Starting WinSW in service mode
2024-08-17 21:43:01,696 INFO  - Starting java -jar ws-java-application.jar
2024-08-17 21:43:01,728 INFO  - Started process 9520
2024-08-17 21:43:01,743 DEBUG - Forwarding logs of the process System.Diagnostics.Process (java) to WinSW.DefaultLogAppender
2024-08-27 16:43:24,644 DEBUG - Starting WinSW in service mode
2024-08-27 16:43:24,769 INFO  - Starting java -jar ws-java-application.jar
2024-08-27 16:43:24,824 INFO  - Started process 10088
2024-08-27 16:43:24,829 DEBUG - Forwarding logs of the process System.Diagnostics.Process (java) to WinSW.DefaultLogAppender
2024-08-29 17:36:53,708 DEBUG - Starting WinSW in service mode
2024-08-29 17:36:53,865 INFO  - Starting java -jar ws-java-application.jar
2024-08-29 17:36:53,928 INFO  - Started process 8628
2024-08-29 17:36:53,928 DEBUG - Forwarding logs of the process System.Diagnostics.Process (java) to WinSW.DefaultLogAppender
2024-08-29 17:38:02,604 DEBUG - Starting WinSW in service mode
2024-08-29 17:38:02,698 INFO  - Starting java -jar ws-java-application.jar
2024-08-29 17:38:02,777 INFO  - Started process 7384
2024-08-29 17:38:02,777 DEBUG - Forwarding logs of the process System.Diagnostics.Process (java) to WinSW.DefaultLogAppender
2024-08-30 16:53:10,153 DEBUG - Starting WinSW in service mode
2024-08-30 16:53:10,304 INFO  - Starting java -jar ws-java-application.jar
2024-08-30 16:53:10,365 INFO  - Started process 9748
2024-08-30 16:53:10,384 DEBUG - Forwarding logs of the process System.Diagnostics.Process (java) to WinSW.DefaultLogAppender
2024-09-03 17:46:32,589 DEBUG - Starting WinSW in service mode
2024-09-03 17:46:32,730 INFO  - Starting java -jar ws-java-application.jar
2024-09-03 17:46:32,777 INFO  - Started process 9304
2024-09-03 17:46:32,777 DEBUG - Forwarding logs of the process System.Diagnostics.Process (java) to WinSW.DefaultLogAppender
2024-09-07 19:39:41,541 DEBUG - Starting WinSW in service mode
2024-09-07 19:39:41,631 INFO  - Starting java -jar ws-java-application.jar
2024-09-07 19:39:41,687 INFO  - Started process 9368
2024-09-07 19:39:41,696 DEBUG - Forwarding logs of the process System.Diagnostics.Process (java) to WinSW.DefaultLogAppender
2024-09-10 16:17:13,716 DEBUG - Starting WinSW in service mode
2024-09-10 16:17:13,976 INFO  - Starting java -jar ws-java-application.jar
2024-09-10 16:17:14,016 INFO  - Started process 9540
2024-09-10 16:17:14,019 DEBUG - Forwarding logs of the process System.Diagnostics.Process (java) to WinSW.DefaultLogAppender
2024-09-13 14:34:02,023 DEBUG - Starting WinSW in service mode
2024-09-13 14:34:02,195 INFO  - Starting java -jar ws-java-application.jar
2024-09-13 14:34:02,258 INFO  - Started process 9068
2024-09-13 14:34:02,258 DEBUG - Forwarding logs of the process System.Diagnostics.Process (java) to WinSW.DefaultLogAppender
2024-09-13 14:34:58,341 DEBUG - Starting WinSW in service mode
2024-09-13 14:34:58,467 INFO  - Starting java -jar ws-java-application.jar
2024-09-13 14:34:58,514 INFO  - Started process 8608
2024-09-13 14:34:58,514 DEBUG - Forwarding logs of the process System.Diagnostics.Process (java) to WinSW.DefaultLogAppender
2024-09-21 16:20:19,947 DEBUG - Starting WinSW in service mode
2024-09-21 16:20:20,079 INFO  - Starting java -jar ws-java-application.jar
2024-09-21 16:20:20,147 INFO  - Started process 10152
2024-09-21 16:20:20,152 DEBUG - Forwarding logs of the process System.Diagnostics.Process (java) to WinSW.DefaultLogAppender
2024-10-12 11:02:00,411 DEBUG - Starting WinSW in service mode
2024-10-12 11:02:00,546 INFO  - Starting java -jar ws-java-application.jar
2024-10-12 11:02:00,581 INFO  - Started process 9268
2024-10-12 11:02:00,591 DEBUG - Forwarding logs of the process System.Diagnostics.Process (java) to WinSW.DefaultLogAppender
2024-10-12 12:02:18,697 DEBUG - Starting WinSW in service mode
2024-10-12 12:02:18,912 INFO  - Starting java -jar ws-java-application.jar
2024-10-12 12:02:18,949 INFO  - Started process 9664
2024-10-12 12:02:18,949 DEBUG - Forwarding logs of the process System.Diagnostics.Process (java) to WinSW.DefaultLogAppender
2024-10-17 09:53:57,905 DEBUG - Starting WinSW in service mode
2024-10-17 09:53:58,078 INFO  - Starting java -jar ws-java-application.jar
2024-10-17 09:53:58,110 INFO  - Started process 8448
2024-10-17 09:53:58,110 DEBUG - Forwarding logs of the process System.Diagnostics.Process (java) to WinSW.DefaultLogAppender
2024-10-22 20:09:03,957 DEBUG - Starting WinSW in service mode
2024-10-22 20:09:04,025 INFO  - Starting java -jar ws-java-application.jar
2024-10-22 20:09:04,104 INFO  - Started process 9680
2024-10-22 20:09:04,112 DEBUG - Forwarding logs of the process System.Diagnostics.Process (java) to WinSW.DefaultLogAppender
2024-10-24 09:47:16,768 DEBUG - Starting WinSW in service mode
2024-10-24 09:47:16,879 INFO  - Starting java -jar ws-java-application.jar
2024-10-24 09:47:17,279 INFO  - Started process 9728
2024-10-24 09:47:17,288 DEBUG - Forwarding logs of the process System.Diagnostics.Process (java) to WinSW.DefaultLogAppender
2024-10-26 11:07:48,740 DEBUG - Starting WinSW in service mode
2024-10-26 11:07:48,897 INFO  - Starting java -jar ws-java-application.jar
2024-10-26 11:07:48,929 INFO  - Started process 8484
2024-10-26 11:07:48,929 DEBUG - Forwarding logs of the process System.Diagnostics.Process (java) to WinSW.DefaultLogAppender
2024-10-26 15:30:11,921 DEBUG - Starting WinSW in service mode
2024-10-26 15:30:11,994 INFO  - Starting java -jar ws-java-application.jar
2024-10-26 15:30:12,313 INFO  - Started process 8852
2024-10-26 15:30:12,313 DEBUG - Forwarding logs of the process System.Diagnostics.Process (java) to WinSW.DefaultLogAppender
2024-10-31 08:33:02,582 DEBUG - Starting WinSW in service mode
2024-10-31 08:33:02,772 INFO  - Starting java -jar ws-java-application.jar
2024-10-31 08:33:02,832 INFO  - Started process 9328
2024-10-31 08:33:02,837 DEBUG - Forwarding logs of the process System.Diagnostics.Process (java) to WinSW.DefaultLogAppender
2024-10-31 11:33:53,639 DEBUG - Starting WinSW in service mode
2024-10-31 11:33:53,766 INFO  - Starting java -jar ws-java-application.jar
2024-10-31 11:33:54,165 INFO  - Started process 8940
2024-10-31 11:33:54,175 DEBUG - Forwarding logs of the process System.Diagnostics.Process (java) to WinSW.DefaultLogAppender
2024-11-14 11:19:34,739 DEBUG - Starting WinSW in service mode
2024-11-14 11:19:34,867 INFO  - Starting java -jar ws-java-application.jar
2024-11-14 11:19:35,019 INFO  - Started process 9128
2024-11-14 11:19:35,024 DEBUG - Forwarding logs of the process System.Diagnostics.Process (java) to WinSW.DefaultLogAppender
2024-11-14 11:28:24,308 DEBUG - Starting WinSW in service mode
2024-11-14 11:28:24,412 INFO  - Starting java -jar ws-java-application.jar
2024-11-14 11:28:24,476 INFO  - Started process 9120
2024-11-14 11:28:24,481 DEBUG - Forwarding logs of the process System.Diagnostics.Process (java) to WinSW.DefaultLogAppender
2024-11-16 15:18:34,673 DEBUG - Starting WinSW in service mode
2024-11-16 15:18:34,805 INFO  - Starting java -jar ws-java-application.jar
2024-11-16 15:18:34,833 INFO  - Started process 8812
2024-11-16 15:18:34,838 DEBUG - Forwarding logs of the process System.Diagnostics.Process (java) to WinSW.DefaultLogAppender
2024-11-16 15:49:26,110 DEBUG - Starting WinSW in service mode
2024-11-16 15:49:26,313 INFO  - Starting java -jar ws-java-application.jar
2024-11-16 15:49:26,361 INFO  - Started process 10000
2024-11-16 15:49:26,377 DEBUG - Forwarding logs of the process System.Diagnostics.Process (java) to WinSW.DefaultLogAppender
2024-11-16 15:50:28,148 DEBUG - Starting WinSW in service mode
2024-11-16 15:50:28,446 INFO  - Starting java -jar ws-java-application.jar
2024-11-16 15:50:28,494 INFO  - Started process 9540
2024-11-16 15:50:28,494 DEBUG - Forwarding logs of the process System.Diagnostics.Process (java) to WinSW.DefaultLogAppender
2024-12-04 21:22:54,810 DEBUG - Starting WinSW in service mode
2024-12-04 21:22:55,046 INFO  - Starting java -jar ws-java-application.jar
2024-12-04 21:22:55,093 INFO  - Started process 8728
2024-12-04 21:22:55,108 DEBUG - Forwarding logs of the process System.Diagnostics.Process (java) to WinSW.DefaultLogAppender
2024-12-07 14:49:20,264 DEBUG - Starting WinSW in service mode
2024-12-07 14:49:20,404 INFO  - Starting java -jar ws-java-application.jar
2024-12-07 14:49:20,554 INFO  - Started process 9800
2024-12-07 14:49:20,559 DEBUG - Forwarding logs of the process System.Diagnostics.Process (java) to WinSW.DefaultLogAppender
2024-12-07 14:51:52,405 DEBUG - Starting WinSW in service mode
2024-12-07 14:51:52,547 INFO  - Starting java -jar ws-java-application.jar
2024-12-07 14:51:52,578 INFO  - Started process 8504
2024-12-07 14:51:52,578 DEBUG - Forwarding logs of the process System.Diagnostics.Process (java) to WinSW.DefaultLogAppender
2024-12-07 16:39:33,984 DEBUG - Starting WinSW in service mode
2024-12-07 16:39:34,104 INFO  - Starting java -jar ws-java-application.jar
2024-12-07 16:39:34,184 INFO  - Started process 1808
2024-12-07 16:39:34,190 DEBUG - Forwarding logs of the process System.Diagnostics.Process (java) to WinSW.DefaultLogAppender
2024-12-09 12:11:21,485 DEBUG - Starting WinSW in service mode
2024-12-09 12:11:21,681 INFO  - Starting java -jar ws-java-application.jar
2024-12-09 12:11:21,751 INFO  - Started process 7268
2024-12-09 12:11:21,771 DEBUG - Forwarding logs of the process System.Diagnostics.Process (java) to WinSW.DefaultLogAppender
2024-12-15 23:03:42,173 DEBUG - Starting WinSW in service mode
2024-12-15 23:03:42,268 INFO  - Starting java -jar ws-java-application.jar
2024-12-15 23:03:42,347 INFO  - Started process 9344
2024-12-15 23:03:42,347 DEBUG - Forwarding logs of the process System.Diagnostics.Process (java) to WinSW.DefaultLogAppender
2024-12-16 11:45:25,769 DEBUG - Starting WinSW in service mode
2024-12-16 11:45:25,855 INFO  - Starting java -jar ws-java-application.jar
2024-12-16 11:45:25,994 INFO  - Started process 9508
2024-12-16 11:45:25,999 DEBUG - Forwarding logs of the process System.Diagnostics.Process (java) to WinSW.DefaultLogAppender
2024-12-20 21:02:06,170 DEBUG - Starting WinSW in service mode
2024-12-20 21:02:06,291 INFO  - Starting java -jar ws-java-application.jar
2024-12-20 21:02:06,327 INFO  - Started process 9192
2024-12-20 21:02:06,336 DEBUG - Forwarding logs of the process System.Diagnostics.Process (java) to WinSW.DefaultLogAppender
2024-12-21 12:56:46,783 DEBUG - Starting WinSW in service mode
2024-12-21 12:56:46,968 INFO  - Starting java -jar ws-java-application.jar
2024-12-21 12:56:47,009 INFO  - Started process 9368
2024-12-21 12:56:47,014 DEBUG - Forwarding logs of the process System.Diagnostics.Process (java) to WinSW.DefaultLogAppender
2024-12-26 11:14:09,172 DEBUG - Starting WinSW in service mode
2024-12-26 11:14:09,320 INFO  - Starting java -jar ws-java-application.jar
2024-12-26 11:14:09,403 INFO  - Started process 9580
2024-12-26 11:14:09,411 DEBUG - Forwarding logs of the process System.Diagnostics.Process (java) to WinSW.DefaultLogAppender
2024-12-26 14:01:18,672 DEBUG - Starting WinSW in service mode
2024-12-26 14:01:18,819 INFO  - Starting java -jar ws-java-application.jar
2024-12-26 14:01:18,897 INFO  - Started process 8132
2024-12-26 14:01:18,898 DEBUG - Forwarding logs of the process System.Diagnostics.Process (java) to WinSW.DefaultLogAppender
2024-12-30 12:38:28,005 DEBUG - Starting WinSW in service mode
2024-12-30 12:38:28,135 INFO  - Starting java -jar ws-java-application.jar
2024-12-30 12:38:28,230 INFO  - Started process 10048
2024-12-30 12:38:28,235 DEBUG - Forwarding logs of the process System.Diagnostics.Process (java) to WinSW.DefaultLogAppender
2024-12-30 23:20:29,436 DEBUG - Starting WinSW in service mode
2024-12-30 23:20:29,576 INFO  - Starting java -jar ws-java-application.jar
2024-12-30 23:20:29,621 INFO  - Started process 1236
2024-12-30 23:20:29,621 DEBUG - Forwarding logs of the process System.Diagnostics.Process (java) to WinSW.DefaultLogAppender
2025-01-04 20:45:46,583 DEBUG - Starting WinSW in service mode
2025-01-04 20:45:46,737 INFO  - Starting java -jar ws-java-application.jar
2025-01-04 20:45:46,784 INFO  - Started process 10116
2025-01-04 20:45:46,789 DEBUG - Forwarding logs of the process System.Diagnostics.Process (java) to WinSW.DefaultLogAppender
2025-01-10 17:00:49,788 DEBUG - Starting WinSW in service mode
2025-01-10 17:00:49,933 INFO  - Starting java -jar ws-java-application.jar
2025-01-10 17:00:49,961 INFO  - Started process 1640
2025-01-10 17:00:49,961 DEBUG - Forwarding logs of the process System.Diagnostics.Process (java) to WinSW.DefaultLogAppender
2025-01-12 13:01:22,112 DEBUG - Starting WinSW in service mode
2025-01-12 13:01:22,257 INFO  - Starting java -jar ws-java-application.jar
2025-01-12 13:01:22,322 INFO  - Started process 1544
2025-01-12 13:01:22,327 DEBUG - Forwarding logs of the process System.Diagnostics.Process (java) to WinSW.DefaultLogAppender
2025-01-19 11:25:17,591 DEBUG - Starting WinSW in service mode
2025-01-19 11:25:17,967 INFO  - Starting java -jar ws-java-application.jar
2025-01-19 11:25:18,014 INFO  - Started process 8920
2025-01-19 11:25:18,030 DEBUG - Forwarding logs of the process System.Diagnostics.Process (java) to WinSW.DefaultLogAppender
2025-01-19 11:27:52,078 DEBUG - Starting WinSW in service mode
2025-01-19 11:27:52,455 INFO  - Starting java -jar ws-java-application.jar
2025-01-19 11:27:52,581 INFO  - Started process 9992
2025-01-19 11:27:52,596 DEBUG - Forwarding logs of the process System.Diagnostics.Process (java) to WinSW.DefaultLogAppender
2025-01-20 15:18:57,697 DEBUG - Starting WinSW in service mode
2025-01-20 15:18:57,793 INFO  - Starting java -jar ws-java-application.jar
2025-01-20 15:18:57,905 INFO  - Started process 9652
2025-01-20 15:18:57,910 DEBUG - Forwarding logs of the process System.Diagnostics.Process (java) to WinSW.DefaultLogAppender
2025-01-22 23:52:47,931 DEBUG - Starting WinSW in service mode
2025-01-22 23:52:48,166 INFO  - Starting java -jar ws-java-application.jar
2025-01-22 23:52:48,244 INFO  - Started process 8836
2025-01-22 23:52:48,259 DEBUG - Forwarding logs of the process System.Diagnostics.Process (java) to WinSW.DefaultLogAppender
2025-01-23 17:05:30,870 DEBUG - Starting WinSW in service mode
2025-01-23 17:05:31,058 INFO  - Starting java -jar ws-java-application.jar
2025-01-23 17:05:31,173 INFO  - Started process 9588
2025-01-23 17:05:31,238 DEBUG - Forwarding logs of the process System.Diagnostics.Process (java) to WinSW.DefaultLogAppender
2025-01-30 16:05:34,346 DEBUG - Starting WinSW in service mode
2025-01-30 16:05:35,414 INFO  - Starting java -jar ws-java-application.jar
2025-01-30 16:05:35,586 INFO  - Started process 10508
2025-01-30 16:05:35,707 DEBUG - Forwarding logs of the process System.Diagnostics.Process (java) to WinSW.DefaultLogAppender
2025-01-31 19:58:38,052 DEBUG - Starting WinSW in service mode
2025-01-31 19:58:38,247 INFO  - Starting java -jar ws-java-application.jar
2025-01-31 19:58:38,342 INFO  - Started process 9140
2025-01-31 19:58:38,347 DEBUG - Forwarding logs of the process System.Diagnostics.Process (java) to WinSW.DefaultLogAppender
2025-02-11 17:43:15,226 DEBUG - Starting WinSW in service mode
2025-02-11 17:43:15,493 INFO  - Starting java -jar ws-java-application.jar
2025-02-11 17:43:15,588 INFO  - Started process 9168
2025-02-11 17:43:15,588 DEBUG - Forwarding logs of the process System.Diagnostics.Process (java) to WinSW.DefaultLogAppender
2025-02-11 17:53:39,516 DEBUG - Starting WinSW in service mode
2025-02-11 17:53:39,625 INFO  - Starting java -jar ws-java-application.jar
2025-02-11 17:53:39,731 INFO  - Started process 9800
2025-02-11 17:53:39,736 DEBUG - Forwarding logs of the process System.Diagnostics.Process (java) to WinSW.DefaultLogAppender
2025-02-19 17:58:45,138 DEBUG - Starting WinSW in service mode
2025-02-19 17:58:45,442 INFO  - Starting java -jar ws-java-application.jar
2025-02-19 17:58:45,492 INFO  - Started process 9400
2025-02-19 17:58:45,510 DEBUG - Forwarding logs of the process System.Diagnostics.Process (java) to WinSW.DefaultLogAppender
2025-02-23 13:41:52,776 DEBUG - Starting WinSW in service mode
2025-02-23 13:41:52,934 INFO  - Starting java -jar ws-java-application.jar
2025-02-23 13:41:52,976 INFO  - Started process 10028
2025-02-23 13:41:52,980 DEBUG - Forwarding logs of the process System.Diagnostics.Process (java) to WinSW.DefaultLogAppender
2025-03-01 17:08:35,225 DEBUG - Starting WinSW in service mode
2025-03-01 17:08:35,277 INFO  - Starting java -jar ws-java-application.jar
2025-03-01 17:08:35,309 INFO  - Started process 7968
2025-03-01 17:08:35,315 DEBUG - Forwarding logs of the process System.Diagnostics.Process (java) to WinSW.DefaultLogAppender
2025-03-09 20:58:44,324 DEBUG - Starting WinSW in service mode
2025-03-09 20:58:44,395 INFO  - Starting java -jar ws-java-application.jar
2025-03-09 20:58:44,434 INFO  - Started process 7944
2025-03-09 20:58:44,484 DEBUG - Forwarding logs of the process System.Diagnostics.Process (java) to WinSW.DefaultLogAppender
